<?xml version="1.0" encoding="UTF-8"?><testsuite name="nosetests" tests="20" errors="0" failures="0" skip="0"><testcase classname="acceptance.tests.FileUploadTest" name="test_file_upload" time="60.943"></testcase><testcase classname="acceptance.tests.FullWorkflowOverrideTest" name="test_staff_override_at_beginning" time="313.218"><system-out><![CDATA[Test failed with Promise not satisfied: Has response text., retrying in 3 seconds...
]]></system-out></testcase><testcase classname="acceptance.tests.FullWorkflowOverrideTest" name="test_staff_override_at_end" time="230.306"></testcase><testcase classname="acceptance.tests.FullWorkflowRequiredTest" name="test_train_self_peer_staff_1_True" time="185.719"></testcase><testcase classname="acceptance.tests.FullWorkflowRequiredTest" name="test_train_self_peer_staff_2_False" time="132.565"></testcase><testcase classname="acceptance.tests.PeerAssessmentTest" name="test_peer_assessment" time="49.344"></testcase><testcase classname="acceptance.tests.PeerAssessmentTestStaffOverride" name="test_staff_override" time="101.323"></testcase><testcase classname="acceptance.tests.SelfAssessmentTest" name="test_latex" time="37.476"></testcase><testcase classname="acceptance.tests.SelfAssessmentTest" name="test_self_assessment" time="32.665"></testcase><testcase classname="acceptance.tests.StaffAreaTest" name="test_cancel_submission" time="59.411"></testcase><testcase classname="acceptance.tests.StaffAreaTest" name="test_staff_area_buttons" time="31.643"></testcase><testcase classname="acceptance.tests.StaffAreaTest" name="test_staff_area_panel_1___staff_tools____MANAGE_INDIVIDUAL_LEARNERS__" time="38.412"></testcase><testcase classname="acceptance.tests.StaffAreaTest" name="test_staff_area_panel_2___staff_info____VIEW_ASSIGNMENT_STATISTICS__" time="39.068"></testcase><testcase classname="acceptance.tests.StaffAreaTest" name="test_staff_grade_override" time="62.024"></testcase><testcase classname="acceptance.tests.StaffAreaTest" name="test_staff_grade_override_cancelled" time="66.036"></testcase><testcase classname="acceptance.tests.StaffAreaTest" name="test_staff_override" time="63.039"></testcase><testcase classname="acceptance.tests.StaffAreaTest" name="test_student_info" time="79.736"></testcase><testcase classname="acceptance.tests.StaffAreaTest" name="test_student_info_no_submission" time="48.908"></testcase><testcase classname="acceptance.tests.StaffAssessmentTest" name="test_staff_assessment" time="83.742"></testcase><testcase classname="acceptance.tests.StudentTrainingTest" name="test_student_training" time="35.679"></testcase></testsuite>