<?xml version="1.0" encoding="UTF-8"?><testsuite name="nosetests" tests="10" errors="0" failures="0" skip="0"><testcase classname="acceptance.accessibility.FullWorkflowA11yTest" name="test_training_peer_self_staff_override" time="193.901"></testcase><testcase classname="acceptance.accessibility.FullWorkflowRequiredA11yTest" name="test_multiple_rubrics" time="121.813"></testcase><testcase classname="acceptance.accessibility.PeerAssessmentA11yTest" name="test_peer_assessment_a11y" time="55.337"></testcase><testcase classname="acceptance.accessibility.SelfAssessmentA11yTest" name="test_self_assessment_a11y" time="32.973"></testcase><testcase classname="acceptance.accessibility.StaffAreaA11yTest" name="test_learner_info" time="51.596"></testcase><testcase classname="acceptance.accessibility.StaffAreaA11yTest" name="test_staff_grade" time="60.871"></testcase><testcase classname="acceptance.accessibility.StaffAreaA11yTest" name="test_staff_grading_panel" time="32.885"></testcase><testcase classname="acceptance.accessibility.StaffAreaA11yTest" name="test_staff_info_panel" time="25.892"></testcase><testcase classname="acceptance.accessibility.StaffAreaA11yTest" name="test_staff_tools_panel" time="23.730"></testcase><testcase classname="acceptance.accessibility.StudentTrainingA11yTest" name="test_student_training_a11y" time="44.601"></testcase></testsuite>