<?xml version="1.0" encoding="UTF-8"?><testsuite name="nosetests" tests="20" errors="0" failures="0" skip="0"><testcase classname="acceptance.tests.FileUploadTest" name="test_file_upload" time="4.609"></testcase><testcase classname="acceptance.tests.FullWorkflowOverrideTest" name="test_staff_override_at_beginning" time="110.232"><system-out><![CDATA[Test failed with Promise not satisfied: Input is present, retrying in 3 seconds...
]]></system-out></testcase><testcase classname="acceptance.tests.FullWorkflowOverrideTest" name="test_staff_override_at_end" time="33.632"></testcase><testcase classname="acceptance.tests.FullWorkflowRequiredTest" name="test_train_self_peer_staff_1_True" time="54.190"></testcase><testcase classname="acceptance.tests.FullWorkflowRequiredTest" name="test_train_self_peer_staff_2_False" time="19.538"></testcase><testcase classname="acceptance.tests.PeerAssessmentTest" name="test_peer_assessment" time="7.564"></testcase><testcase classname="acceptance.tests.PeerAssessmentTestStaffOverride" name="test_staff_override" time="17.119"></testcase><testcase classname="acceptance.tests.SelfAssessmentTest" name="test_latex" time="4.659"></testcase><testcase classname="acceptance.tests.SelfAssessmentTest" name="test_self_assessment" time="4.713"></testcase><testcase classname="acceptance.tests.StaffAreaTest" name="test_cancel_submission" time="8.141"></testcase><testcase classname="acceptance.tests.StaffAreaTest" name="test_staff_area_buttons" time="3.315"></testcase><testcase classname="acceptance.tests.StaffAreaTest" name="test_staff_area_panel_1___staff_tools____MANAGE_INDIVIDUAL_LEARNERS__" time="3.486"></testcase><testcase classname="acceptance.tests.StaffAreaTest" name="test_staff_area_panel_2___staff_info____VIEW_ASSIGNMENT_STATISTICS__" time="3.702"></testcase><testcase classname="acceptance.tests.StaffAreaTest" name="test_staff_grade_override" time="10.420"></testcase><testcase classname="acceptance.tests.StaffAreaTest" name="test_staff_grade_override_cancelled" time="10.398"></testcase><testcase classname="acceptance.tests.StaffAreaTest" name="test_staff_override" time="8.210"></testcase><testcase classname="acceptance.tests.StaffAreaTest" name="test_student_info" time="11.079"></testcase><testcase classname="acceptance.tests.StaffAreaTest" name="test_student_info_no_submission" time="7.297"></testcase><testcase classname="acceptance.tests.StaffAssessmentTest" name="test_staff_assessment" time="14.561"></testcase><testcase classname="acceptance.tests.StudentTrainingTest" name="test_student_training" time="5.234"></testcase></testsuite>