<?xml version="1.0" encoding="UTF-8"?><testsuite name="nosetests" tests="10" errors="0" failures="0" skip="0"><testcase classname="acceptance.accessibility.FullWorkflowA11yTest" name="test_training_peer_self_staff_override" time="39.466"></testcase><testcase classname="acceptance.accessibility.FullWorkflowRequiredA11yTest" name="test_multiple_rubrics" time="22.585"></testcase><testcase classname="acceptance.accessibility.PeerAssessmentA11yTest" name="test_peer_assessment_a11y" time="9.435"></testcase><testcase classname="acceptance.accessibility.SelfAssessmentA11yTest" name="test_self_assessment_a11y" time="6.159"></testcase><testcase classname="acceptance.accessibility.StaffAreaA11yTest" name="test_learner_info" time="7.939"></testcase><testcase classname="acceptance.accessibility.StaffAreaA11yTest" name="test_staff_grade" time="10.986"></testcase><testcase classname="acceptance.accessibility.StaffAreaA11yTest" name="test_staff_grading_panel" time="7.428"></testcase><testcase classname="acceptance.accessibility.StaffAreaA11yTest" name="test_staff_info_panel" time="4.344"></testcase><testcase classname="acceptance.accessibility.StaffAreaA11yTest" name="test_staff_tools_panel" time="4.392"></testcase><testcase classname="acceptance.accessibility.StudentTrainingA11yTest" name="test_student_training_a11y" time="6.011"></testcase></testsuite>